#
# There is insufficient memory for the Java Runtime Environment to continue.
# Native memory allocation (malloc) failed to allocate 1146096 bytes. Error detail: Chunk::new
# Possible reasons:
#   The system is out of physical RAM or swap space
#   This process is running with CompressedOops enabled, and the Java Heap may be blocking the growth of the native heap
# Possible solutions:
#   Reduce memory load on the system
#   Increase physical memory or swap space
#   Check if swap backing store is full
#   Decrease Java heap size (-Xmx/-Xms)
#   Decrease number of Java threads
#   Decrease Java thread stack sizes (-Xss)
#   Set larger code cache with -XX:ReservedCodeCacheSize=
#   JVM is running with Unscaled Compressed Oops mode in which the Java heap is
#     placed in the first 4GB address space. The Java Heap base address is the
#     maximum limit for the native heap growth. Please use -XX:HeapBaseMinAddress
#     to set the Java Heap base and to place the Java Heap above 4GB virtual address.
# This output file may be truncated or incomplete.
#
#  Out of Memory Error (arena.cpp:168), pid=46864, tid=35124
#
# JRE version: OpenJDK Runtime Environment Temurin-21.0.10+7 (21.0.10+7) (build 21.0.10+7-LTS)
# Java VM: OpenJDK 64-Bit Server VM Temurin-21.0.10+7 (21.0.10+7-LTS, mixed mode, sharing, tiered, compressed oops, compressed class ptrs, parallel gc, windows-amd64)
# No core dump will be written. Minidumps are not enabled by default on client versions of Windows
#

---------------  S U M M A R Y ------------

Command Line: --add-modules=ALL-SYSTEM --add-opens=java.base/java.util=ALL-UNNAMED --add-opens=java.base/java.lang=ALL-UNNAMED --add-opens=java.base/sun.nio.fs=ALL-UNNAMED -Declipse.application=org.eclipse.jdt.ls.core.id1 -Dosgi.bundles.defaultStartLevel=4 -Declipse.product=org.eclipse.jdt.ls.core.product -Djava.import.generatesMetadataFilesAtProjectRoot=false -DDetectVMInstallationsJob.disabled=true -Dfile.encoding=utf8 -XX:+UseParallelGC -XX:GCTimeRatio=4 -XX:AdaptiveSizePolicyWeight=90 -Dsun.zip.disableMemoryMapping=true -Xmx2G -Xms100m -Xlog:disable -javaagent:c:\Users\Animesh\.vscode\extensions\redhat.java-1.53.0-win32-x64\lombok\lombok-1.18.39-4050.jar c:\Users\Animesh\.vscode\extensions\redhat.java-1.53.0-win32-x64\server\plugins\org.eclipse.equinox.launcher_1.7.100.v20251111-0406.jar -configuration c:\Users\Animesh\AppData\Roaming\Code\User\globalStorage\redhat.java\1.53.0\config_ss_win -data c:\Users\Animesh\AppData\Roaming\Code\User\workspaceStorage\476b510ec36b2dcaf0caca4f435ab3e6\redhat.java\ss_ws --pipe=\\.\pipe\lsp-5377560f339ca8f5fac1484c82dc3cfd-sock

Host: AMD Ryzen 7 8845HS w/ Radeon 780M Graphics, 16 cores, 15G,  Windows 11 , 64 bit Build 26100 (10.0.26100.7920)
Time: Thu Mar  5 20:58:28 2026 India Standard Time elapsed time: 29.002176 seconds (0d 0h 0m 29s)

---------------  T H R E A D  ---------------

Current thread (0x0000015c99ad7c20):  JavaThread "C2 CompilerThread1" daemon [_thread_in_native, id=35124, stack(0x0000005717e00000,0x0000005717f00000) (1024K)]


Current CompileTask:
C2:29002 2749       4       org.lombokweb.asm.ClassReader::readMethod (1070 bytes)

Stack: [0x0000005717e00000,0x0000005717f00000]
Native frames: (J=compiled Java code, j=interpreted, Vv=VM code, C=native code)
V  [jvm.dll+0x6d7a39]
V  [jvm.dll+0x8b4b26]
V  [jvm.dll+0x8b70de]
V  [jvm.dll+0x8b77c3]
V  [jvm.dll+0x284346]
V  [jvm.dll+0xc66ed]
V  [jvm.dll+0xc6c31]
V  [jvm.dll+0x3bec01]
V  [jvm.dll+0x38b162]
V  [jvm.dll+0x38a5aa]
V  [jvm.dll+0x24c560]
V  [jvm.dll+0x24bb40]
V  [jvm.dll+0x1cb34e]
V  [jvm.dll+0x25b85d]
V  [jvm.dll+0x259dea]
V  [jvm.dll+0x3f857e]
V  [jvm.dll+0x85f59d]
V  [jvm.dll+0x6d626d]
C  [ucrtbase.dll+0x37b0]
C  [KERNEL32.DLL+0x2e8d7]
C  [ntdll.dll+0x8c48c]


---------------  P R O C E S S  ---------------

Threads class SMR info:
_java_thread_list=0x0000015ca12b93f0, length=24, elements={
0x0000015c3e82d390, 0x0000015c40bb81c0, 0x0000015c40cb3fe0, 0x0000015c40bbe8b0,
0x0000015c40cba410, 0x0000015c40cbdcd0, 0x0000015c40cc1590, 0x0000015c40cce080,
0x0000015c99a1df80, 0x0000015c99c076f0, 0x0000015c99cc7650, 0x0000015c9b97a5c0,
0x0000015c99b19a90, 0x0000015c99b1ca70, 0x0000015c99c18270, 0x0000015c9b6150b0,
0x0000015c9ba1ee20, 0x0000015c99ad7c20, 0x0000015c9ba235d0, 0x0000015ca031f490,
0x0000015ca0f60de0, 0x0000015ca0f614b0, 0x0000015ca0f64460, 0x0000015ca05bf1d0
}

Java Threads: ( => current thread )
  0x0000015c3e82d390 JavaThread "main"                              [_thread_blocked, id=18836, stack(0x0000005716400000,0x0000005716500000) (1024K)]
  0x0000015c40bb81c0 JavaThread "Reference Handler"          daemon [_thread_blocked, id=44564, stack(0x0000005716800000,0x0000005716900000) (1024K)]
  0x0000015c40cb3fe0 JavaThread "Finalizer"                  daemon [_thread_blocked, id=39948, stack(0x0000005716900000,0x0000005716a00000) (1024K)]
  0x0000015c40bbe8b0 JavaThread "Signal Dispatcher"          daemon [_thread_blocked, id=38648, stack(0x0000005716a00000,0x0000005716b00000) (1024K)]
  0x0000015c40cba410 JavaThread "Attach Listener"            daemon [_thread_blocked, id=49656, stack(0x0000005716b00000,0x0000005716c00000) (1024K)]
  0x0000015c40cbdcd0 JavaThread "Service Thread"             daemon [_thread_blocked, id=40620, stack(0x0000005716c00000,0x0000005716d00000) (1024K)]
  0x0000015c40cc1590 JavaThread "Monitor Deflation Thread"   daemon [_thread_blocked, id=41192, stack(0x0000005716d00000,0x0000005716e00000) (1024K)]
  0x0000015c40cce080 JavaThread "C2 CompilerThread0"         daemon [_thread_in_native, id=36172, stack(0x0000005716e00000,0x0000005716f00000) (1024K)]
  0x0000015c99a1df80 JavaThread "C1 CompilerThread0"         daemon [_thread_in_native, id=21408, stack(0x0000005716f00000,0x0000005717000000) (1024K)]
  0x0000015c99c076f0 JavaThread "Common-Cleaner"             daemon [_thread_blocked, id=47584, stack(0x0000005717200000,0x0000005717300000) (1024K)]
  0x0000015c99cc7650 JavaThread "Notification Thread"        daemon [_thread_blocked, id=44624, stack(0x0000005717300000,0x0000005717400000) (1024K)]
  0x0000015c9b97a5c0 JavaThread "Active Thread: Equinox Container: 12b91ba4-60c1-47fb-99c7-b5fb17620ab3"        [_thread_blocked, id=27624, stack(0x0000005717a00000,0x0000005717b00000) (1024K)]
  0x0000015c99b19a90 JavaThread "Framework Event Dispatcher: Equinox Container: 12b91ba4-60c1-47fb-99c7-b5fb17620ab3" daemon [_thread_blocked, id=49276, stack(0x0000005717100000,0x0000005717200000) (1024K)]
  0x0000015c99b1ca70 JavaThread "Start Level: Equinox Container: 12b91ba4-60c1-47fb-99c7-b5fb17620ab3" daemon [_thread_in_vm, id=36356, stack(0x0000005717b00000,0x0000005717c00000) (1024K)]
  0x0000015c99c18270 JavaThread "SCR Component Actor"        daemon [_thread_blocked, id=2552, stack(0x0000005717c00000,0x0000005717d00000) (1024K)]
  0x0000015c9b6150b0 JavaThread "C1 CompilerThread1"         daemon [_thread_in_native, id=42476, stack(0x0000005717d00000,0x0000005717e00000) (1024K)]
  0x0000015c9ba1ee20 JavaThread "Worker-JM"                         [_thread_blocked, id=26492, stack(0x0000005718200000,0x0000005718300000) (1024K)]
=>0x0000015c99ad7c20 JavaThread "C2 CompilerThread1"         daemon [_thread_in_native, id=35124, stack(0x0000005717e00000,0x0000005717f00000) (1024K)]
  0x0000015c9ba235d0 JavaThread "Worker-0"                          [_thread_blocked, id=33996, stack(0x0000005717f00000,0x0000005718000000) (1024K)]
  0x0000015ca031f490 JavaThread "Worker-1"                          [_thread_blocked, id=45700, stack(0x0000005718000000,0x0000005718100000) (1024K)]
  0x0000015ca0f60de0 JavaThread "C1 CompilerThread2"         daemon [_thread_in_vm, id=30124, stack(0x0000005718700000,0x0000005718800000) (1024K)]
  0x0000015ca0f614b0 JavaThread "C1 CompilerThread3"         daemon [_thread_in_native, id=46012, stack(0x0000005718800000,0x0000005718900000) (1024K)]
  0x0000015ca0f64460 JavaThread "C2 CompilerThread2"         daemon [_thread_in_native, id=46844, stack(0x0000005718900000,0x0000005718a00000) (1024K)]
  0x0000015ca05bf1d0 JavaThread "Java indexing"              daemon [_thread_blocked, id=48040, stack(0x0000005718a00000,0x0000005718b00000) (1024K)]
Total: 24

Other Threads:
  0x0000015c40cafb60 VMThread "VM Thread"                           [id=34032, stack(0x0000005716700000,0x0000005716800000) (1024K)]
  0x0000015c40c7b8c0 WatcherThread "VM Periodic Task Thread"        [id=21284, stack(0x0000005716600000,0x0000005716700000) (1024K)]
  0x0000015c40c2c210 WorkerThread "GC Thread#0"                     [id=43112, stack(0x0000005716500000,0x0000005716600000) (1024K)]
  0x0000015c9b83b550 WorkerThread "GC Thread#1"                     [id=42196, stack(0x0000005717400000,0x0000005717500000) (1024K)]
  0x0000015c9b83b900 WorkerThread "GC Thread#2"                     [id=42852, stack(0x0000005717500000,0x0000005717600000) (1024K)]
  0x0000015c9b45cac0 WorkerThread "GC Thread#3"                     [id=43988, stack(0x0000005717600000,0x0000005717700000) (1024K)]
  0x0000015c9b45ce70 WorkerThread "GC Thread#4"                     [id=30192, stack(0x0000005717700000,0x0000005717800000) (1024K)]
  0x0000015c9b7c2de0 WorkerThread "GC Thread#5"                     [id=47132, stack(0x0000005717800000,0x0000005717900000) (1024K)]
  0x0000015c9b7c3ca0 WorkerThread "GC Thread#6"                     [id=42280, stack(0x0000005717900000,0x0000005717a00000) (1024K)]
  0x0000015c9b7c4400 WorkerThread "GC Thread#7"                     [id=49360, stack(0x0000005717000000,0x0000005717100000) (1024K)]
  0x0000015c9b7c3540 WorkerThread "GC Thread#8"                     [id=45248, stack(0x0000005718300000,0x0000005718400000) (1024K)]
  0x0000015c9b7c3190 WorkerThread "GC Thread#9"                     [id=14324, stack(0x0000005718400000,0x0000005718500000) (1024K)]
  0x0000015c9b7c38f0 WorkerThread "GC Thread#10"                    [id=36600, stack(0x0000005718100000,0x0000005718200000) (1024K)]
  0x0000015ca03a0450 WorkerThread "GC Thread#11"                    [id=42752, stack(0x0000005718500000,0x0000005718600000) (1024K)]
  0x0000015ca039d460 WorkerThread "GC Thread#12"                    [id=48532, stack(0x0000005718600000,0x0000005718700000) (1024K)]
Total: 15

Threads with active compile tasks:
C2 CompilerThread0  29020 2915   !   4       java.util.concurrent.ConcurrentHashMap::putVal (432 bytes)
C1 CompilerThread0  29020 2928       3       sun.util.locale.BaseLocale::convertOldISOCodes (238 bytes)
C1 CompilerThread1  29020 2950       3       sun.util.locale.LanguageTag::parseExtensions (208 bytes)
C2 CompilerThread1  29020 2749       4       org.lombokweb.asm.ClassReader::readMethod (1070 bytes)
C1 CompilerThread2  29020 2957       3       sun.util.locale.BaseLocale$Cache::createObject (8 bytes)
C1 CompilerThread3  29021 2956       3       sun.util.locale.BaseLocale$Cache::createObject (9 bytes)
C2 CompilerThread2  29021 2881       4       java.util.regex.Matcher::search (154 bytes)
Total: 7

VM state: not at safepoint (normal execution)

VM Mutex/Monitor currently owned by a thread: None

Heap address: 0x0000000080000000, size: 2048 MB, Compressed Oops mode: 32-bit

CDS archive(s) mapped at: [0x0000015c58000000-0x0000015c58ba0000-0x0000015c58ba0000), size 12189696, SharedBaseAddress: 0x0000015c58000000, ArchiveRelocationMode: 1.
Compressed class space mapped at: 0x0000015c59000000-0x0000015c99000000, reserved size: 1073741824
Narrow klass base: 0x0000015c58000000, Narrow klass shift: 0, Narrow klass range: 0x100000000

GC Precious Log:
 CardTable entry size: 512
 CPUs: 16 total, 16 available
 Memory: 15662M
 Large Page Support: Disabled
 NUMA Support: Disabled
 Compressed Oops: Enabled (32-bit)
 Alignments: Space 512K, Generation 512K, Heap 2M
 Heap Min Capacity: 100M
 Heap Initial Capacity: 100M
 Heap Max Capacity: 2G
 Pre-touch: Disabled
 Parallel Workers: 13

Heap:
 PSYoungGen      total 29696K, used 8064K [0x00000000d5580000, 0x00000000d7680000, 0x0000000100000000)
  eden space 25600K, 31% used [0x00000000d5580000,0x00000000d5d60308,0x00000000d6e80000)
  from space 4096K, 0% used [0x00000000d7280000,0x00000000d7280000,0x00000000d7680000)
  to   space 4096K, 0% used [0x00000000d6e80000,0x00000000d6e80000,0x00000000d7280000)
 ParOldGen       total 68608K, used 10074K [0x0000000080000000, 0x0000000084300000, 0x00000000d5580000)
  object space 68608K, 14% used [0x0000000080000000,0x00000000809d6ba8,0x0000000084300000)
 Metaspace       used 21274K, committed 21888K, reserved 1114112K
  class space    used 2043K, committed 2304K, reserved 1048576K

Card table byte_map: [0x0000015c405b0000,0x0000015c409c0000] _byte_map_base: 0x0000015c401b0000

Marking Bits: (ParMarkBitMap*) 0x00007ff97a713450
 Begin Bits: [0x0000015c530c0000, 0x0000015c550c0000)
 End Bits:   [0x0000015c550c0000, 0x0000015c570c0000)

Polling page: 0x0000015c3ea80000

Metaspace:

Usage:
  Non-class:     18.78 MB used.
      Class:      2.00 MB used.
       Both:     20.78 MB used.

Virtual space:
  Non-class space:       64.00 MB reserved,      19.12 MB ( 30%) committed,  1 nodes.
      Class space:        1.00 GB reserved,       2.25 MB ( <1%) committed,  1 nodes.
             Both:        1.06 GB reserved,      21.38 MB (  2%) committed. 

Chunk freelists:
   Non-Class:  12.28 MB
       Class:  13.56 MB
        Both:  25.84 MB

MaxMetaspaceSize: unlimited
CompressedClassSpaceSize: 1.00 GB
Initial GC threshold: 21.00 MB
Current GC threshold: 35.00 MB
CDS: on
 - commit_granule_bytes: 65536.
 - commit_granule_words: 8192.
 - virtual_space_node_default_size: 8388608.
 - enlarge_chunks_in_place: 1.
 - use_allocation_guard: 0.


Internal statistics:

num_allocs_failed_limit: 3.
num_arena_births: 466.
num_arena_deaths: 14.
num_vsnodes_births: 2.
num_vsnodes_deaths: 0.
num_space_committed: 342.
num_space_uncommitted: 0.
num_chunks_returned_to_freelist: 17.
num_chunks_taken_from_freelist: 1271.
num_chunk_merges: 7.
num_chunk_splits: 819.
num_chunks_enlarged: 543.
num_inconsistent_stats: 0.

CodeHeap 'non-profiled nmethods': size=119168Kb used=1202Kb max_used=1202Kb free=117965Kb
 bounds [0x0000015c4b9b0000, 0x0000015c4bc20000, 0x0000015c52e10000]
CodeHeap 'profiled nmethods': size=119104Kb used=5967Kb max_used=5967Kb free=113136Kb
 bounds [0x0000015c43e10000, 0x0000015c443f0000, 0x0000015c4b260000]
CodeHeap 'non-nmethods': size=7488Kb used=3004Kb max_used=3039Kb free=4483Kb
 bounds [0x0000015c4b260000, 0x0000015c4b560000, 0x0000015c4b9b0000]
CodeCache: size=245760Kb, used=10173Kb, max_used=10208Kb, free=235584Kb
 total_blobs=3556, nmethods=2964, adapters=495, full_count=0
Compilation: enabled, stopped_count=0, restarted_count=0

Compilation events (20 events):
Event: 27.996 Thread 0x0000015c99a1df80 nmethod 2910 0x0000015c443bbd90 code [0x0000015c443bbf80, 0x0000015c443bc508]
Event: 27.996 Thread 0x0000015c9b6150b0 2917       3       java.util.Locale::getInstance (55 bytes)
Event: 27.997 Thread 0x0000015ca0f614b0 nmethod 2904 0x0000015c4bad8690 code [0x0000015c4bad8820, 0x0000015c4bad88e8]
Event: 27.997 Thread 0x0000015c99a1df80 2916       3       java.util.Locale::<init> (15 bytes)
Event: 27.997 Thread 0x0000015ca0f614b0 2918       3       sun.util.locale.BaseLocale$Key::getBaseLocale (25 bytes)
Event: 27.997 Thread 0x0000015ca0f60de0 2919       3       sun.util.locale.LanguageTag::<init> (50 bytes)
Event: 27.997 Thread 0x0000015c99a1df80 nmethod 2916 0x0000015c443bc710 code [0x0000015c443bc8c0, 0x0000015c443bca58]
Event: 27.997 Thread 0x0000015c9b6150b0 nmethod 2917 0x0000015c443bcb10 code [0x0000015c443bcd40, 0x0000015c443bd530]
Event: 27.997 Thread 0x0000015ca0f614b0 nmethod 2918 0x0000015c443bd710 code [0x0000015c443bd8e0, 0x0000015c443bdc08]
Event: 27.997 Thread 0x0000015c99a1df80 2920       3       sun.util.locale.LanguageTag::isLanguage (29 bytes)
Event: 27.997 Thread 0x0000015ca0f60de0 nmethod 2919 0x0000015c443bdd10 code [0x0000015c443bdee0, 0x0000015c443be228]
Event: 27.997 Thread 0x0000015ca0f614b0 2955       3       sun.util.locale.LocaleUtils::toTitleString (139 bytes)
Event: 27.997 Thread 0x0000015c9b6150b0 2921       3       sun.util.locale.LanguageTag::getVariants (24 bytes)
Event: 27.997 Thread 0x0000015ca0f60de0 2922       3       sun.util.locale.LanguageTag::getExtensions (24 bytes)
Event: 27.997 Thread 0x0000015c9b6150b0 nmethod 2921 0x0000015c443be390 code [0x0000015c443be560, 0x0000015c443be838]
Event: 27.997 Thread 0x0000015ca0f60de0 nmethod 2922 0x0000015c443be910 code [0x0000015c443beae0, 0x0000015c443bedb8]
Event: 27.997 Thread 0x0000015c9b6150b0 2923       3       sun.util.locale.InternalLocaleBuilder::<init> (29 bytes)
Event: 27.997 Thread 0x0000015ca0f60de0 2924       3       java.util.Locale::forLanguageTag (74 bytes)
Event: 27.997 Thread 0x0000015c9b6150b0 nmethod 2923 0x0000015c443bee90 code [0x0000015c443bf040, 0x0000015c443bf220]
Event: 27.997 Thread 0x0000015c9b6150b0 2946       3       sun.util.locale.LanguageTag::parseVariants (98 bytes)

GC Heap History (14 events):
Event: 1.039 GC heap before
{Heap before GC invocations=1 (full 0):
 PSYoungGen      total 29696K, used 25600K [0x00000000d5580000, 0x00000000d7680000, 0x0000000100000000)
  eden space 25600K, 100% used [0x00000000d5580000,0x00000000d6e80000,0x00000000d6e80000)
  from space 4096K, 0% used [0x00000000d7280000,0x00000000d7280000,0x00000000d7680000)
  to   space 4096K, 0% used [0x00000000d6e80000,0x00000000d6e80000,0x00000000d7280000)
 ParOldGen       total 68608K, used 0K [0x0000000080000000, 0x0000000084300000, 0x00000000d5580000)
  object space 68608K, 0% used [0x0000000080000000,0x0000000080000000,0x0000000084300000)
 Metaspace       used 4222K, committed 4480K, reserved 1114112K
  class space    used 464K, committed 576K, reserved 1048576K
}
Event: 1.045 GC heap after
{Heap after GC invocations=1 (full 0):
 PSYoungGen      total 29696K, used 3883K [0x00000000d5580000, 0x00000000d7680000, 0x0000000100000000)
  eden space 25600K, 0% used [0x00000000d5580000,0x00000000d5580000,0x00000000d6e80000)
  from space 4096K, 94% used [0x00000000d6e80000,0x00000000d724aff0,0x00000000d7280000)
  to   space 4096K, 0% used [0x00000000d7280000,0x00000000d7280000,0x00000000d7680000)
 ParOldGen       total 68608K, used 16K [0x0000000080000000, 0x0000000084300000, 0x00000000d5580000)
  object space 68608K, 0% used [0x0000000080000000,0x0000000080004000,0x0000000084300000)
 Metaspace       used 4222K, committed 4480K, reserved 1114112K
  class space    used 464K, committed 576K, reserved 1048576K
}
Event: 12.567 GC heap before
{Heap before GC invocations=2 (full 0):
 PSYoungGen      total 29696K, used 29483K [0x00000000d5580000, 0x00000000d7680000, 0x0000000100000000)
  eden space 25600K, 100% used [0x00000000d5580000,0x00000000d6e80000,0x00000000d6e80000)
  from space 4096K, 94% used [0x00000000d6e80000,0x00000000d724aff0,0x00000000d7280000)
  to   space 4096K, 0% used [0x00000000d7280000,0x00000000d7280000,0x00000000d7680000)
 ParOldGen       total 68608K, used 16K [0x0000000080000000, 0x0000000084300000, 0x00000000d5580000)
  object space 68608K, 0% used [0x0000000080000000,0x0000000080004000,0x0000000084300000)
 Metaspace       used 7993K, committed 8256K, reserved 1114112K
  class space    used 831K, committed 960K, reserved 1048576K
}
Event: 12.570 GC heap after
{Heap after GC invocations=2 (full 0):
 PSYoungGen      total 29696K, used 4086K [0x00000000d5580000, 0x00000000d7680000, 0x0000000100000000)
  eden space 25600K, 0% used [0x00000000d5580000,0x00000000d5580000,0x00000000d6e80000)
  from space 4096K, 99% used [0x00000000d7280000,0x00000000d767d810,0x00000000d7680000)
  to   space 4096K, 0% used [0x00000000d6e80000,0x00000000d6e80000,0x00000000d7280000)
 ParOldGen       total 68608K, used 1083K [0x0000000080000000, 0x0000000084300000, 0x00000000d5580000)
  object space 68608K, 1% used [0x0000000080000000,0x000000008010ee28,0x0000000084300000)
 Metaspace       used 7993K, committed 8256K, reserved 1114112K
  class space    used 831K, committed 960K, reserved 1048576K
}
Event: 16.322 GC heap before
{Heap before GC invocations=3 (full 0):
 PSYoungGen      total 29696K, used 29686K [0x00000000d5580000, 0x00000000d7680000, 0x0000000100000000)
  eden space 25600K, 100% used [0x00000000d5580000,0x00000000d6e80000,0x00000000d6e80000)
  from space 4096K, 99% used [0x00000000d7280000,0x00000000d767d810,0x00000000d7680000)
  to   space 4096K, 0% used [0x00000000d6e80000,0x00000000d6e80000,0x00000000d7280000)
 ParOldGen       total 68608K, used 1083K [0x0000000080000000, 0x0000000084300000, 0x00000000d5580000)
  object space 68608K, 1% used [0x0000000080000000,0x000000008010ee28,0x0000000084300000)
 Metaspace       used 12809K, committed 13312K, reserved 1114112K
  class space    used 1356K, committed 1600K, reserved 1048576K
}
Event: 16.325 GC heap after
{Heap after GC invocations=3 (full 0):
 PSYoungGen      total 29696K, used 4064K [0x00000000d5580000, 0x00000000d7680000, 0x0000000100000000)
  eden space 25600K, 0% used [0x00000000d5580000,0x00000000d5580000,0x00000000d6e80000)
  from space 4096K, 99% used [0x00000000d6e80000,0x00000000d72781a0,0x00000000d7280000)
  to   space 4096K, 0% used [0x00000000d7280000,0x00000000d7280000,0x00000000d7680000)
 ParOldGen       total 68608K, used 2626K [0x0000000080000000, 0x0000000084300000, 0x00000000d5580000)
  object space 68608K, 3% used [0x0000000080000000,0x0000000080290948,0x0000000084300000)
 Metaspace       used 12809K, committed 13312K, reserved 1114112K
  class space    used 1356K, committed 1600K, reserved 1048576K
}
Event: 18.637 GC heap before
{Heap before GC invocations=4 (full 0):
 PSYoungGen      total 29696K, used 29664K [0x00000000d5580000, 0x00000000d7680000, 0x0000000100000000)
  eden space 25600K, 100% used [0x00000000d5580000,0x00000000d6e80000,0x00000000d6e80000)
  from space 4096K, 99% used [0x00000000d6e80000,0x00000000d72781a0,0x00000000d7280000)
  to   space 4096K, 0% used [0x00000000d7280000,0x00000000d7280000,0x00000000d7680000)
 ParOldGen       total 68608K, used 2626K [0x0000000080000000, 0x0000000084300000, 0x00000000d5580000)
  object space 68608K, 3% used [0x0000000080000000,0x0000000080290948,0x0000000084300000)
 Metaspace       used 16253K, committed 16896K, reserved 1114112K
  class space    used 1688K, committed 1984K, reserved 1048576K
}
Event: 18.639 GC heap after
{Heap after GC invocations=4 (full 0):
 PSYoungGen      total 29696K, used 4072K [0x00000000d5580000, 0x00000000d7680000, 0x0000000100000000)
  eden space 25600K, 0% used [0x00000000d5580000,0x00000000d5580000,0x00000000d6e80000)
  from space 4096K, 99% used [0x00000000d7280000,0x00000000d767a160,0x00000000d7680000)
  to   space 4096K, 0% used [0x00000000d6e80000,0x00000000d6e80000,0x00000000d7280000)
 ParOldGen       total 68608K, used 5664K [0x0000000080000000, 0x0000000084300000, 0x00000000d5580000)
  object space 68608K, 8% used [0x0000000080000000,0x0000000080588070,0x0000000084300000)
 Metaspace       used 16253K, committed 16896K, reserved 1114112K
  class space    used 1688K, committed 1984K, reserved 1048576K
}
Event: 18.770 GC heap before
{Heap before GC invocations=5 (full 0):
 PSYoungGen      total 29696K, used 29436K [0x00000000d5580000, 0x00000000d7680000, 0x0000000100000000)
  eden space 25600K, 99% used [0x00000000d5580000,0x00000000d6e45030,0x00000000d6e80000)
  from space 4096K, 99% used [0x00000000d7280000,0x00000000d767a160,0x00000000d7680000)
  to   space 4096K, 0% used [0x00000000d6e80000,0x00000000d6e80000,0x00000000d7280000)
 ParOldGen       total 68608K, used 5664K [0x0000000080000000, 0x0000000084300000, 0x00000000d5580000)
  object space 68608K, 8% used [0x0000000080000000,0x0000000080588070,0x0000000084300000)
 Metaspace       used 19620K, committed 20224K, reserved 1114112K
  class space    used 1939K, committed 2240K, reserved 1048576K
}
Event: 20.798 GC heap after
{Heap after GC invocations=5 (full 0):
 PSYoungGen      total 29696K, used 4070K [0x00000000d5580000, 0x00000000d7680000, 0x0000000100000000)
  eden space 25600K, 0% used [0x00000000d5580000,0x00000000d5580000,0x00000000d6e80000)
  from space 4096K, 99% used [0x00000000d6e80000,0x00000000d7279bb0,0x00000000d7280000)
  to   space 4096K, 0% used [0x00000000d7280000,0x00000000d7280000,0x00000000d7680000)
 ParOldGen       total 68608K, used 8653K [0x0000000080000000, 0x0000000084300000, 0x00000000d5580000)
  object space 68608K, 12% used [0x0000000080000000,0x00000000808736d0,0x0000000084300000)
 Metaspace       used 19620K, committed 20224K, reserved 1114112K
  class space    used 1939K, committed 2240K, reserved 1048576K
}
Event: 23.882 GC heap before
{Heap before GC invocations=6 (full 0):
 PSYoungGen      total 29696K, used 20555K [0x00000000d5580000, 0x00000000d7680000, 0x0000000100000000)
  eden space 25600K, 64% used [0x00000000d5580000,0x00000000d65993e0,0x00000000d6e80000)
  from space 4096K, 99% used [0x00000000d6e80000,0x00000000d7279bb0,0x00000000d7280000)
  to   space 4096K, 0% used [0x00000000d7280000,0x00000000d7280000,0x00000000d7680000)
 ParOldGen       total 68608K, used 8653K [0x0000000080000000, 0x0000000084300000, 0x00000000d5580000)
  object space 68608K, 12% used [0x0000000080000000,0x00000000808736d0,0x0000000084300000)
 Metaspace       used 20859K, committed 21504K, reserved 1114112K
  class space    used 2012K, committed 2304K, reserved 1048576K
}
Event: 25.909 GC heap after
{Heap after GC invocations=6 (full 0):
 PSYoungGen      total 29696K, used 4087K [0x00000000d5580000, 0x00000000d7680000, 0x0000000100000000)
  eden space 25600K, 0% used [0x00000000d5580000,0x00000000d5580000,0x00000000d6e80000)
  from space 4096K, 99% used [0x00000000d7280000,0x00000000d767dd90,0x00000000d7680000)
  to   space 4096K, 0% used [0x00000000d6e80000,0x00000000d6e80000,0x00000000d7280000)
 ParOldGen       total 68608K, used 10582K [0x0000000080000000, 0x0000000084300000, 0x00000000d5580000)
  object space 68608K, 15% used [0x0000000080000000,0x0000000080a55a60,0x0000000084300000)
 Metaspace       used 20859K, committed 21504K, reserved 1114112K
  class space    used 2012K, committed 2304K, reserved 1048576K
}
Event: 25.909 GC heap before
{Heap before GC invocations=7 (full 1):
 PSYoungGen      total 29696K, used 4087K [0x00000000d5580000, 0x00000000d7680000, 0x0000000100000000)
  eden space 25600K, 0% used [0x00000000d5580000,0x00000000d5580000,0x00000000d6e80000)
  from space 4096K, 99% used [0x00000000d7280000,0x00000000d767dd90,0x00000000d7680000)
  to   space 4096K, 0% used [0x00000000d6e80000,0x00000000d6e80000,0x00000000d7280000)
 ParOldGen       total 68608K, used 10582K [0x0000000080000000, 0x0000000084300000, 0x00000000d5580000)
  object space 68608K, 15% used [0x0000000080000000,0x0000000080a55a60,0x0000000084300000)
 Metaspace       used 20859K, committed 21504K, reserved 1114112K
  class space    used 2012K, committed 2304K, reserved 1048576K
}
Event: 25.922 GC heap after
{Heap after GC invocations=7 (full 1):
 PSYoungGen      total 29696K, used 0K [0x00000000d5580000, 0x00000000d7680000, 0x0000000100000000)
  eden space 25600K, 0% used [0x00000000d5580000,0x00000000d5580000,0x00000000d6e80000)
  from space 4096K, 0% used [0x00000000d7280000,0x00000000d7280000,0x00000000d7680000)
  to   space 4096K, 0% used [0x00000000d6e80000,0x00000000d6e80000,0x00000000d7280000)
 ParOldGen       total 68608K, used 10074K [0x0000000080000000, 0x0000000084300000, 0x00000000d5580000)
  object space 68608K, 14% used [0x0000000080000000,0x00000000809d6ba8,0x0000000084300000)
 Metaspace       used 20847K, committed 21504K, reserved 1114112K
  class space    used 2008K, committed 2304K, reserved 1048576K
}

Dll operation events (11 events):
Event: 0.227 Loaded shared library c:\Users\Animesh\.vscode\extensions\redhat.java-1.53.0-win32-x64\jre\21.0.10-win32-x86_64\bin\java.dll
Event: 0.338 Loaded shared library c:\Users\Animesh\.vscode\extensions\redhat.java-1.53.0-win32-x64\jre\21.0.10-win32-x86_64\bin\zip.dll
Event: 0.388 Loaded shared library C:\Users\Animesh\.vscode\extensions\redhat.java-1.53.0-win32-x64\jre\21.0.10-win32-x86_64\bin\instrument.dll
Event: 0.452 Loaded shared library C:\Users\Animesh\.vscode\extensions\redhat.java-1.53.0-win32-x64\jre\21.0.10-win32-x86_64\bin\net.dll
Event: 0.511 Loaded shared library C:\Users\Animesh\.vscode\extensions\redhat.java-1.53.0-win32-x64\jre\21.0.10-win32-x86_64\bin\nio.dll
Event: 0.515 Loaded shared library C:\Users\Animesh\.vscode\extensions\redhat.java-1.53.0-win32-x64\jre\21.0.10-win32-x86_64\bin\zip.dll
Event: 0.530 Loaded shared library C:\Users\Animesh\.vscode\extensions\redhat.java-1.53.0-win32-x64\jre\21.0.10-win32-x86_64\bin\jimage.dll
Event: 0.627 Loaded shared library c:\Users\Animesh\.vscode\extensions\redhat.java-1.53.0-win32-x64\jre\21.0.10-win32-x86_64\bin\verify.dll
Event: 15.059 Loaded shared library C:\Users\Animesh\AppData\Roaming\Code\User\globalStorage\redhat.java\1.53.0\config_ss_win\org.eclipse.equinox.launcher\org.eclipse.equinox.launcher.win32.win32.x86_64_1.3.0.v20260203-2149\eclipse_11919.dll
Event: 18.452 Loaded shared library C:\Users\Animesh\.vscode\extensions\redhat.java-1.53.0-win32-x64\jre\21.0.10-win32-x86_64\bin\management.dll
Event: 18.482 Loaded shared library C:\Users\Animesh\.vscode\extensions\redhat.java-1.53.0-win32-x64\jre\21.0.10-win32-x86_64\bin\management_ext.dll

Deoptimization events (20 events):
Event: 18.610 Thread 0x0000015c99b1ca70 DEOPT PACKING pc=0x0000015c44253535 sp=0x0000005717bf4a50
Event: 18.610 Thread 0x0000015c99b1ca70 DEOPT UNPACKING pc=0x0000015c4b2b78e2 sp=0x0000005717bf3f60 mode 0
Event: 18.628 Thread 0x0000015c99b1ca70 Uncommon trap: trap_request=0xffffff45 fr.pc=0x0000015c4bab0614 relative=0x0000000000000894
Event: 18.628 Thread 0x0000015c99b1ca70 Uncommon trap: reason=unstable_if action=reinterpret pc=0x0000015c4bab0614 method=org.lombokweb.asm.ClassReader.readUTF8(I[C)Ljava/lang/String; @ 11 c2
Event: 18.628 Thread 0x0000015c99b1ca70 DEOPT PACKING pc=0x0000015c4bab0614 sp=0x0000005717bef410
Event: 18.628 Thread 0x0000015c99b1ca70 DEOPT UNPACKING pc=0x0000015c4b2b6da2 sp=0x0000005717bef418 mode 2
Event: 18.750 Thread 0x0000015c99b1ca70 Uncommon trap: trap_request=0xffffff45 fr.pc=0x0000015c4babc86c relative=0x000000000000014c
Event: 18.750 Thread 0x0000015c99b1ca70 Uncommon trap: reason=unstable_if action=reinterpret pc=0x0000015c4babc86c method=org.lombokweb.asm.ByteVector.putByteArray([BII)Lorg/lombokweb/asm/ByteVector; @ 20 c2
Event: 18.750 Thread 0x0000015c99b1ca70 DEOPT PACKING pc=0x0000015c4babc86c sp=0x0000005717bf25b0
Event: 18.750 Thread 0x0000015c99b1ca70 DEOPT UNPACKING pc=0x0000015c4b2b6da2 sp=0x0000005717bf2580 mode 2
Event: 18.750 Thread 0x0000015c99b1ca70 Uncommon trap: trap_request=0xffffff45 fr.pc=0x0000015c4babb9a4 relative=0x0000000000000364
Event: 18.750 Thread 0x0000015c99b1ca70 Uncommon trap: reason=unstable_if action=reinterpret pc=0x0000015c4babb9a4 method=org.lombokweb.asm.Label.resolve([BLorg/lombokweb/asm/ByteVector;I)Z @ 81 c2
Event: 18.750 Thread 0x0000015c99b1ca70 DEOPT PACKING pc=0x0000015c4babb9a4 sp=0x0000005717bf2640
Event: 18.750 Thread 0x0000015c99b1ca70 DEOPT UNPACKING pc=0x0000015c4b2b6da2 sp=0x0000005717bf2548 mode 2
Event: 27.972 Thread 0x0000015c99b1ca70 DEOPT PACKING pc=0x0000015c43f3d826 sp=0x0000005717bf7c20
Event: 27.972 Thread 0x0000015c99b1ca70 DEOPT UNPACKING pc=0x0000015c4b2b78e2 sp=0x0000005717bf7118 mode 0
Event: 27.972 Thread 0x0000015c99b1ca70 DEOPT PACKING pc=0x0000015c43f3d826 sp=0x0000005717bf7c20
Event: 27.972 Thread 0x0000015c99b1ca70 DEOPT UNPACKING pc=0x0000015c4b2b78e2 sp=0x0000005717bf7118 mode 0
Event: 27.973 Thread 0x0000015c99b1ca70 DEOPT PACKING pc=0x0000015c43f3d826 sp=0x0000005717bf7c20
Event: 27.973 Thread 0x0000015c99b1ca70 DEOPT UNPACKING pc=0x0000015c4b2b78e2 sp=0x0000005717bf7118 mode 0

Classes loaded (20 events):
Event: 18.596 Loading class java/io/StringReader
Event: 18.596 Loading class java/io/StringReader done
Event: 18.608 Loading class java/util/zip/GZIPInputStream
Event: 18.608 Loading class java/util/zip/GZIPInputStream done
Event: 18.610 Loading class java/net/SocketTimeoutException
Event: 18.610 Loading class java/io/InterruptedIOException
Event: 18.610 Loading class java/io/InterruptedIOException done
Event: 18.610 Loading class java/net/SocketTimeoutException done
Event: 18.610 Loading class java/net/SocketException
Event: 18.610 Loading class java/net/SocketException done
Event: 18.610 Loading class java/net/UnknownHostException
Event: 18.610 Loading class java/net/UnknownHostException done
Event: 18.610 Loading class java/net/ProtocolException
Event: 18.610 Loading class java/net/ProtocolException done
Event: 18.620 Loading class java/lang/ThreadLocal$SuppliedThreadLocal
Event: 18.620 Loading class java/lang/ThreadLocal$SuppliedThreadLocal done
Event: 18.623 Loading class java/io/FileWriter
Event: 18.624 Loading class java/io/FileWriter done
Event: 18.653 Loading class java/lang/NegativeArraySizeException
Event: 18.653 Loading class java/lang/NegativeArraySizeException done

Classes unloaded (7 events):
Event: 25.911 Thread 0x0000015c40cafb60 Unloading class 0x0000015c59190800 'java/lang/invoke/LambdaForm$MH+0x0000015c59190800'
Event: 25.911 Thread 0x0000015c40cafb60 Unloading class 0x0000015c59190400 'java/lang/invoke/LambdaForm$MH+0x0000015c59190400'
Event: 25.911 Thread 0x0000015c40cafb60 Unloading class 0x0000015c59190000 'java/lang/invoke/LambdaForm$MH+0x0000015c59190000'
Event: 25.911 Thread 0x0000015c40cafb60 Unloading class 0x0000015c5918fc00 'java/lang/invoke/LambdaForm$MH+0x0000015c5918fc00'
Event: 25.911 Thread 0x0000015c40cafb60 Unloading class 0x0000015c5918f800 'java/lang/invoke/LambdaForm$BMH+0x0000015c5918f800'
Event: 25.911 Thread 0x0000015c40cafb60 Unloading class 0x0000015c5918f400 'java/lang/invoke/LambdaForm$DMH+0x0000015c5918f400'
Event: 25.911 Thread 0x0000015c40cafb60 Unloading class 0x0000015c5918e400 'java/lang/invoke/LambdaForm$DMH+0x0000015c5918e400'

Classes redefined (0 events):
No events

Internal exceptions (20 events):
Event: 18.550 Thread 0x0000015c99b1ca70 Exception <a 'java/lang/IncompatibleClassChangeError'{0x00000000d60f9cf8}: Found class java.lang.Object, but interface was expected> (0x00000000d60f9cf8) 
thrown [s\src\hotspot\share\interpreter\linkResolver.cpp, line 840]
Event: 18.551 Thread 0x0000015c99b1ca70 Exception <a 'java/lang/NoSuchMethodError'{0x00000000d60fd920}: 'java.lang.Object java.lang.invoke.DirectMethodHandle$Holder.invokeSpecial(java.lang.Object, java.lang.Object, java.lang.Object, int, java.lang.Object, java.lang.Object)'> (0x00000000d60fd920) 
thrown [s\src\hotspot\share\interpreter\linkResolver.cpp, line 773]
Event: 18.551 Thread 0x0000015c99b1ca70 Exception <a 'java/lang/NoSuchMethodError'{0x00000000d61158a8}: 'java.lang.Object java.lang.invoke.DirectMethodHandle$Holder.newInvokeSpecial(java.lang.Object, java.lang.Object, java.lang.Object, int, java.lang.Object)'> (0x00000000d61158a8) 
thrown [s\src\hotspot\share\interpreter\linkResolver.cpp, line 773]
Event: 18.551 Thread 0x0000015c99b1ca70 Exception <a 'java/lang/NoSuchMethodError'{0x00000000d6119828}: 'java.lang.Object java.lang.invoke.DirectMethodHandle$Holder.invokeSpecial(java.lang.Object, java.lang.Object, java.lang.Object, java.lang.Object, int, java.lang.Object)'> (0x00000000d6119828) 
thrown [s\src\hotspot\share\interpreter\linkResolver.cpp, line 773]
Event: 18.551 Thread 0x0000015c99b1ca70 Exception <a 'java/lang/NoSuchMethodError'{0x00000000d611d368}: 'java.lang.Object java.lang.invoke.Invokers$Holder.linkToTargetMethod(java.lang.Object, java.lang.Object, int, java.lang.Object, java.lang.Object)'> (0x00000000d611d368) 
thrown [s\src\hotspot\share\interpreter\linkResolver.cpp, line 773]
Event: 18.551 Thread 0x0000015c9ba235d0 Exception <a 'java/lang/NoSuchMethodError'{0x00000000d60510d8}: 'java.lang.Object java.lang.invoke.DirectMethodHandle$Holder.invokeSpecial(java.lang.Object, java.lang.Object, int, java.lang.Object, java.lang.Object)'> (0x00000000d60510d8) 
thrown [s\src\hotspot\share\interpreter\linkResolver.cpp, line 773]
Event: 18.551 Thread 0x0000015c9ba235d0 Exception <a 'java/lang/NoSuchMethodError'{0x00000000d6057e10}: 'java.lang.Object java.lang.invoke.DirectMethodHandle$Holder.newInvokeSpecial(java.lang.Object, java.lang.Object, int, java.lang.Object)'> (0x00000000d6057e10) 
thrown [s\src\hotspot\share\interpreter\linkResolver.cpp, line 773]
Event: 18.552 Thread 0x0000015c9ba235d0 Exception <a 'java/lang/NoSuchMethodError'{0x00000000d605b6f0}: 'java.lang.Object java.lang.invoke.DirectMethodHandle$Holder.invokeSpecial(java.lang.Object, java.lang.Object, java.lang.Object, int, java.lang.Object)'> (0x00000000d605b6f0) 
thrown [s\src\hotspot\share\interpreter\linkResolver.cpp, line 773]
Event: 18.561 Thread 0x0000015c99b1ca70 Exception <a 'java/lang/NoSuchMethodError'{0x00000000d625ad10}: 'void java.lang.invoke.DirectMethodHandle$Holder.invokeSpecial(java.lang.Object, java.lang.Object, java.lang.Object, java.lang.Object, java.lang.Object)'> (0x00000000d625ad10) 
thrown [s\src\hotspot\share\interpreter\linkResolver.cpp, line 773]
Event: 18.590 Thread 0x0000015c99b1ca70 Exception <a 'java/lang/NoSuchMethodError'{0x00000000d6522860}: 'double java.lang.invoke.DirectMethodHandle$Holder.invokeStatic(java.lang.Object, java.lang.Object)'> (0x00000000d6522860) 
thrown [s\src\hotspot\share\interpreter\linkResolver.cpp, line 773]
Event: 18.590 Thread 0x0000015c99b1ca70 Exception <a 'java/lang/NoSuchMethodError'{0x00000000d6525f20}: 'double java.lang.invoke.DirectMethodHandle$Holder.invokeStaticInit(java.lang.Object, java.lang.Object)'> (0x00000000d6525f20) 
thrown [s\src\hotspot\share\interpreter\linkResolver.cpp, line 773]
Event: 18.656 Thread 0x0000015c99b1ca70 Exception <a 'java/io/FileNotFoundException'{0x00000000d5bd50b8}> (0x00000000d5bd50b8) 
thrown [s\src\hotspot\share\prims\jni.cpp, line 520]
Event: 18.656 Thread 0x0000015c99b1ca70 Exception <a 'java/io/FileNotFoundException'{0x00000000d5bd5ef8}> (0x00000000d5bd5ef8) 
thrown [s\src\hotspot\share\prims\jni.cpp, line 520]
Event: 18.656 Thread 0x0000015c99b1ca70 Exception <a 'java/io/FileNotFoundException'{0x00000000d5bd6e38}> (0x00000000d5bd6e38) 
thrown [s\src\hotspot\share\prims\jni.cpp, line 520]
Event: 18.724 Thread 0x0000015c99b1ca70 Exception <a 'java/lang/NoSuchMethodError'{0x00000000d6562728}: 'int java.lang.invoke.DirectMethodHandle$Holder.invokeStaticInit(java.lang.Object, java.lang.Object, java.lang.Object)'> (0x00000000d6562728) 
thrown [s\src\hotspot\share\interpreter\linkResolver.cpp, line 773]
Event: 18.750 Thread 0x0000015c99b1ca70 Implicit null exception at 0x0000015c4babc775 to 0x0000015c4babc850
Event: 22.849 Thread 0x0000015c99b1ca70 Exception <a 'java/io/FileNotFoundException'{0x00000000d58bdbb8}> (0x00000000d58bdbb8) 
thrown [s\src\hotspot\share\prims\jni.cpp, line 520]
Event: 23.851 Thread 0x0000015c99b1ca70 Exception <a 'java/lang/NoSuchMethodError'{0x00000000d58c5430}: 'java.lang.Object java.lang.invoke.DirectMethodHandle$Holder.newInvokeSpecial(java.lang.Object, int, java.lang.Object, java.lang.Object)'> (0x00000000d58c5430) 
thrown [s\src\hotspot\share\interpreter\linkResolver.cpp, line 773]
Event: 23.867 Thread 0x0000015c99b1ca70 Exception <a 'java/io/FileNotFoundException'{0x00000000d64616b0}> (0x00000000d64616b0) 
thrown [s\src\hotspot\share\prims\jni.cpp, line 520]
Event: 27.987 Thread 0x0000015c99b1ca70 Exception <a 'java/io/FileNotFoundException'{0x00000000d5b8b740}> (0x00000000d5b8b740) 
thrown [s\src\hotspot\share\prims\jni.cpp, line 520]

ZGC Phase Switch (0 events):
No events

VM Operations (20 events):
Event: 17.371 Executing safepoint VM operation: Cleanup done
Event: 18.374 Executing safepoint VM operation: Cleanup
Event: 18.374 Executing safepoint VM operation: Cleanup done
Event: 18.499 Executing non-safepoint VM operation: HandshakeAllThreads (Deoptimize)
Event: 18.499 Executing non-safepoint VM operation: HandshakeAllThreads (Deoptimize) done
Event: 18.501 Executing non-safepoint VM operation: HandshakeAllThreads (Deoptimize)
Event: 18.501 Executing non-safepoint VM operation: HandshakeAllThreads (Deoptimize) done
Event: 18.509 Executing non-safepoint VM operation: HandshakeAllThreads (Deoptimize)
Event: 18.509 Executing non-safepoint VM operation: HandshakeAllThreads (Deoptimize) done
Event: 18.637 Executing safepoint VM operation: ParallelGCFailedAllocation (Allocation Failure)
Event: 18.639 Executing safepoint VM operation: ParallelGCFailedAllocation (Allocation Failure) done
Event: 18.770 Executing safepoint VM operation: ParallelGCFailedAllocation (Allocation Failure)
Event: 20.799 Executing safepoint VM operation: ParallelGCFailedAllocation (Allocation Failure) done
Event: 21.809 Executing safepoint VM operation: Cleanup
Event: 21.809 Executing safepoint VM operation: Cleanup done
Event: 23.882 Executing safepoint VM operation: CollectForMetadataAllocation (Metadata GC Threshold)
Event: 25.922 Executing safepoint VM operation: CollectForMetadataAllocation (Metadata GC Threshold) done
Event: 26.934 Executing safepoint VM operation: Cleanup
Event: 26.934 Executing safepoint VM operation: Cleanup done
Event: 28.952 Executing safepoint VM operation: Cleanup

Memory protections (0 events):
No events

Nmethod flushes (0 events):
No events

Events (20 events):
Event: 15.073 Thread 0x0000015c99b1ca70 Thread added: 0x0000015c99c18270
Event: 16.087 Thread 0x0000015c99a1df80 Thread added: 0x0000015c9b6150b0
Event: 16.088 Thread 0x0000015c9b6150b0 Thread added: 0x0000015c99ad7c20
Event: 16.164 Thread 0x0000015c9b6150b0 Thread added: 0x0000015c9ba22f50
Event: 16.164 Thread 0x0000015c9b6150b0 Thread added: 0x0000015c9ba23600
Event: 16.164 Thread 0x0000015c9b6150b0 Thread added: 0x0000015c9b5fc930
Event: 16.287 Thread 0x0000015c99b1ca70 Thread added: 0x0000015c9ba1ee20
Event: 18.483 Thread 0x0000015c9b5fc930 Thread exited: 0x0000015c9b5fc930
Event: 18.483 Thread 0x0000015c99ad7c20 Thread exited: 0x0000015c99ad7c20
Event: 18.483 Thread 0x0000015c9ba23600 Thread exited: 0x0000015c9ba23600
Event: 18.483 Thread 0x0000015c9ba22f50 Thread exited: 0x0000015c9ba22f50
Event: 18.503 Thread 0x0000015c9b6150b0 Thread added: 0x0000015c99ad7c20
Event: 18.542 Thread 0x0000015c99b1ca70 Thread added: 0x0000015c9ba235d0
Event: 18.552 Thread 0x0000015c99b1ca70 Thread added: 0x0000015ca031f490
Event: 21.827 Thread 0x0000015c40cce080 Thread added: 0x0000015c9b7765a0
Event: 23.851 Thread 0x0000015c9b7765a0 Thread exited: 0x0000015c9b7765a0
Event: 23.865 Thread 0x0000015c9b6150b0 Thread added: 0x0000015ca0f60de0
Event: 27.973 Thread 0x0000015c9b6150b0 Thread added: 0x0000015ca0f614b0
Event: 27.974 Thread 0x0000015c99a1df80 Thread added: 0x0000015ca0f64460
Event: 27.980 Thread 0x0000015c99b1ca70 Thread added: 0x0000015ca05bf1d0


Dynamic libraries:
0x00007ff64adc0000 - 0x00007ff64adce000 	c:\Users\Animesh\.vscode\extensions\redhat.java-1.53.0-win32-x64\jre\21.0.10-win32-x86_64\bin\java.exe
0x00007ffa61d00000 - 0x00007ffa61f67000 	C:\WINDOWS\SYSTEM32\ntdll.dll
0x00007ffa60fc0000 - 0x00007ffa61089000 	C:\WINDOWS\System32\KERNEL32.DLL
0x00007ffa5e8c0000 - 0x00007ffa5ecb1000 	C:\WINDOWS\System32\KERNELBASE.dll
0x00007ffa5f7e0000 - 0x00007ffa5f92b000 	C:\WINDOWS\System32\ucrtbase.dll
0x00007ff9eb490000 - 0x00007ff9eb4ae000 	c:\Users\Animesh\.vscode\extensions\redhat.java-1.53.0-win32-x64\jre\21.0.10-win32-x86_64\bin\VCRUNTIME140.dll
0x00007ff9ea170000 - 0x00007ff9ea188000 	c:\Users\Animesh\.vscode\extensions\redhat.java-1.53.0-win32-x64\jre\21.0.10-win32-x86_64\bin\jli.dll
0x00007ffa61090000 - 0x00007ffa61255000 	C:\WINDOWS\System32\USER32.dll
0x00007ffa5f7b0000 - 0x00007ffa5f7d7000 	C:\WINDOWS\System32\win32u.dll
0x00007ffa5da70000 - 0x00007ffa5dd03000 	C:\WINDOWS\WinSxS\amd64_microsoft.windows.common-controls_6595b64144ccf1df_6.0.26100.7922_none_3e089e1ee3342171\COMCTL32.dll
0x00007ffa60c60000 - 0x00007ffa60c8b000 	C:\WINDOWS\System32\GDI32.dll
0x00007ffa5ecc0000 - 0x00007ffa5edea000 	C:\WINDOWS\System32\gdi32full.dll
0x00007ffa5e5e0000 - 0x00007ffa5e683000 	C:\WINDOWS\System32\msvcp_win.dll
0x00007ffa61c10000 - 0x00007ffa61cb9000 	C:\WINDOWS\System32\msvcrt.dll
0x00007ffa60110000 - 0x00007ffa60141000 	C:\WINDOWS\System32\IMM32.DLL
0x00007ffa12050000 - 0x00007ffa1205c000 	c:\Users\Animesh\.vscode\extensions\redhat.java-1.53.0-win32-x64\jre\21.0.10-win32-x86_64\bin\vcruntime140_1.dll
0x00007ff9d3960000 - 0x00007ff9d39ed000 	c:\Users\Animesh\.vscode\extensions\redhat.java-1.53.0-win32-x64\jre\21.0.10-win32-x86_64\bin\msvcp140.dll
0x00007ff979a50000 - 0x00007ff97a7f1000 	c:\Users\Animesh\.vscode\extensions\redhat.java-1.53.0-win32-x64\jre\21.0.10-win32-x86_64\bin\server\jvm.dll
0x00007ffa61550000 - 0x00007ffa6160b000 	C:\WINDOWS\System32\ADVAPI32.dll
0x00007ffa61340000 - 0x00007ffa613e7000 	C:\WINDOWS\System32\sechost.dll
0x00007ffa618e0000 - 0x00007ffa619f8000 	C:\WINDOWS\System32\RPCRT4.dll
0x00007ffa61620000 - 0x00007ffa61694000 	C:\WINDOWS\System32\WS2_32.dll
0x00007ffa5de40000 - 0x00007ffa5de9e000 	C:\WINDOWS\SYSTEM32\POWRPROF.dll
0x00007ffa56190000 - 0x00007ffa5619b000 	C:\WINDOWS\SYSTEM32\VERSION.dll
0x00007ffa4f5c0000 - 0x00007ffa4f5f5000 	C:\WINDOWS\SYSTEM32\WINMM.dll
0x00007ffa5dd10000 - 0x00007ffa5dd24000 	C:\WINDOWS\SYSTEM32\UMPDC.dll
0x00007ffa5cad0000 - 0x00007ffa5caeb000 	C:\WINDOWS\SYSTEM32\kernel.appcore.dll
0x00007ffa0f6e0000 - 0x00007ffa0f6ea000 	c:\Users\Animesh\.vscode\extensions\redhat.java-1.53.0-win32-x64\jre\21.0.10-win32-x86_64\bin\jimage.dll
0x00007ffa5deb0000 - 0x00007ffa5e0f2000 	C:\WINDOWS\SYSTEM32\DBGHELP.DLL
0x00007ffa60150000 - 0x00007ffa604d2000 	C:\WINDOWS\System32\combase.dll
0x00007ffa61260000 - 0x00007ffa61337000 	C:\WINDOWS\System32\OLEAUT32.dll
0x00007ffa5dd30000 - 0x00007ffa5dd6b000 	C:\WINDOWS\SYSTEM32\dbgcore.DLL
0x00007ffa5e690000 - 0x00007ffa5e735000 	C:\WINDOWS\System32\bcryptPrimitives.dll
0x00007ffa58000000 - 0x00007ffa5800f000 	c:\Users\Animesh\.vscode\extensions\redhat.java-1.53.0-win32-x64\jre\21.0.10-win32-x86_64\bin\instrument.dll
0x00007ff9e7b20000 - 0x00007ff9e7b40000 	c:\Users\Animesh\.vscode\extensions\redhat.java-1.53.0-win32-x64\jre\21.0.10-win32-x86_64\bin\java.dll
0x00007ffa604e0000 - 0x00007ffa60c3f000 	C:\WINDOWS\System32\SHELL32.dll
0x00007ffa5f930000 - 0x00007ffa5fa9a000 	C:\WINDOWS\System32\wintypes.dll
0x00007ffa5edf0000 - 0x00007ffa5f654000 	C:\WINDOWS\System32\windows.storage.dll
0x00007ffa61a00000 - 0x00007ffa61af7000 	C:\WINDOWS\System32\SHCORE.dll
0x00007ffa617b0000 - 0x00007ffa61817000 	C:\WINDOWS\System32\shlwapi.dll
0x00007ffa5e500000 - 0x00007ffa5e529000 	C:\WINDOWS\SYSTEM32\profapi.dll
0x00007ff9e7b00000 - 0x00007ff9e7b18000 	c:\Users\Animesh\.vscode\extensions\redhat.java-1.53.0-win32-x64\jre\21.0.10-win32-x86_64\bin\zip.dll
0x00007ffa0f6b0000 - 0x00007ffa0f6c0000 	C:\Users\Animesh\.vscode\extensions\redhat.java-1.53.0-win32-x64\jre\21.0.10-win32-x86_64\bin\net.dll
0x00007ffa561e0000 - 0x00007ffa56307000 	C:\WINDOWS\SYSTEM32\WINHTTP.dll
0x00007ffa5d000000 - 0x00007ffa5d06b000 	C:\WINDOWS\system32\mswsock.dll
0x00007ff9e7890000 - 0x00007ff9e78a6000 	C:\Users\Animesh\.vscode\extensions\redhat.java-1.53.0-win32-x64\jre\21.0.10-win32-x86_64\bin\nio.dll
0x00007ffa57ff0000 - 0x00007ffa58000000 	c:\Users\Animesh\.vscode\extensions\redhat.java-1.53.0-win32-x64\jre\21.0.10-win32-x86_64\bin\verify.dll
0x00007ffa42110000 - 0x00007ffa42155000 	C:\Users\Animesh\AppData\Roaming\Code\User\globalStorage\redhat.java\1.53.0\config_ss_win\org.eclipse.equinox.launcher\org.eclipse.equinox.launcher.win32.win32.x86_64_1.3.0.v20260203-2149\eclipse_11919.dll
0x00007ffa60e20000 - 0x00007ffa60fb5000 	C:\WINDOWS\System32\ole32.dll
0x00007ffa03460000 - 0x00007ffa0346a000 	C:\Users\Animesh\.vscode\extensions\redhat.java-1.53.0-win32-x64\jre\21.0.10-win32-x86_64\bin\management.dll
0x00007ffa02020000 - 0x00007ffa0202c000 	C:\Users\Animesh\.vscode\extensions\redhat.java-1.53.0-win32-x64\jre\21.0.10-win32-x86_64\bin\management_ext.dll
0x00007ffa60c50000 - 0x00007ffa60c58000 	C:\WINDOWS\System32\PSAPI.DLL

JVMTI agents:
c:\Users\Animesh\.vscode\extensions\redhat.java-1.53.0-win32-x64\lombok\lombok-1.18.39-4050.jar path:c:\Users\Animesh\.vscode\extensions\redhat.java-1.53.0-win32-x64\jre\21.0.10-win32-x86_64\bin\instrument.dll, loaded, initialized, instrumentlib options:none

dbghelp: loaded successfully - version: 4.0.5 - missing functions: none
symbol engine: initialized successfully - sym options: 0x614 - pdb path: .;c:\Users\Animesh\.vscode\extensions\redhat.java-1.53.0-win32-x64\jre\21.0.10-win32-x86_64\bin;C:\WINDOWS\SYSTEM32;C:\WINDOWS\WinSxS\amd64_microsoft.windows.common-controls_6595b64144ccf1df_6.0.26100.7922_none_3e089e1ee3342171;c:\Users\Animesh\.vscode\extensions\redhat.java-1.53.0-win32-x64\jre\21.0.10-win32-x86_64\bin\server;C:\Users\Animesh\AppData\Roaming\Code\User\globalStorage\redhat.java\1.53.0\config_ss_win\org.eclipse.equinox.launcher\org.eclipse.equinox.launcher.win32.win32.x86_64_1.3.0.v20260203-2149

VM Arguments:
jvm_args: --add-modules=ALL-SYSTEM --add-opens=java.base/java.util=ALL-UNNAMED --add-opens=java.base/java.lang=ALL-UNNAMED --add-opens=java.base/sun.nio.fs=ALL-UNNAMED -Declipse.application=org.eclipse.jdt.ls.core.id1 -Dosgi.bundles.defaultStartLevel=4 -Declipse.product=org.eclipse.jdt.ls.core.product -Djava.import.generatesMetadataFilesAtProjectRoot=false -DDetectVMInstallationsJob.disabled=true -Dfile.encoding=utf8 -XX:+UseParallelGC -XX:GCTimeRatio=4 -XX:AdaptiveSizePolicyWeight=90 -Dsun.zip.disableMemoryMapping=true -Xmx2G -Xms100m -Xlog:disable -javaagent:c:\Users\Animesh\.vscode\extensions\redhat.java-1.53.0-win32-x64\lombok\lombok-1.18.39-4050.jar 
java_command: c:\Users\Animesh\.vscode\extensions\redhat.java-1.53.0-win32-x64\server\plugins\org.eclipse.equinox.launcher_1.7.100.v20251111-0406.jar -configuration c:\Users\Animesh\AppData\Roaming\Code\User\globalStorage\redhat.java\1.53.0\config_ss_win -data c:\Users\Animesh\AppData\Roaming\Code\User\workspaceStorage\476b510ec36b2dcaf0caca4f435ab3e6\redhat.java\ss_ws --pipe=\\.\pipe\lsp-5377560f339ca8f5fac1484c82dc3cfd-sock
java_class_path (initial): c:\Users\Animesh\.vscode\extensions\redhat.java-1.53.0-win32-x64\server\plugins\org.eclipse.equinox.launcher_1.7.100.v20251111-0406.jar
Launcher Type: SUN_STANDARD

[Global flags]
    uintx AdaptiveSizePolicyWeight                 = 90                                        {product} {command line}
     intx CICompilerCount                          = 12                                        {product} {ergonomic}
    uintx GCTimeRatio                              = 4                                         {product} {command line}
   size_t InitialHeapSize                          = 104857600                                 {product} {command line}
   size_t MaxHeapSize                              = 2147483648                                {product} {command line}
   size_t MaxNewSize                               = 715653120                                 {product} {ergonomic}
   size_t MinHeapDeltaBytes                        = 524288                                    {product} {ergonomic}
   size_t MinHeapSize                              = 104857600                                 {product} {command line}
   size_t NewSize                                  = 34603008                                  {product} {ergonomic}
    uintx NonNMethodCodeHeapSize                   = 7602480                                {pd product} {ergonomic}
    uintx NonProfiledCodeHeapSize                  = 122027880                              {pd product} {ergonomic}
   size_t OldSize                                  = 70254592                                  {product} {ergonomic}
    uintx ProfiledCodeHeapSize                     = 122027880                              {pd product} {ergonomic}
    uintx ReservedCodeCacheSize                    = 251658240                              {pd product} {ergonomic}
     bool SegmentedCodeCache                       = true                                      {product} {ergonomic}
   size_t SoftMaxHeapSize                          = 2147483648                             {manageable} {ergonomic}
     bool UseCompressedOops                        = true                           {product lp64_product} {ergonomic}
     bool UseLargePagesIndividualAllocation        = false                                  {pd product} {ergonomic}
     bool UseParallelGC                            = true                                      {product} {command line}

Logging:
Log output configuration:
 #0: stdout all=off uptime,level,tags foldmultilines=false
 #1: stderr all=off uptime,level,tags foldmultilines=false

Release file:
JAVA_VERSION="21.0.10" 
MODULES="java.base java.compiler java.datatransfer java.xml java.prefs java.desktop java.instrument java.logging java.management java.security.sasl java.naming java.rmi java.management.rmi java.net.http java.scripting java.security.jgss java.transaction.xa java.sql java.sql.rowset java.xml.crypto java.se java.smartcardio jdk.accessibility jdk.internal.jvmstat jdk.attach jdk.charsets jdk.internal.opt jdk.zipfs jdk.compiler jdk.crypto.ec jdk.crypto.cryptoki jdk.crypto.mscapi jdk.dynalink jdk.internal.ed jdk.editpad jdk.hotspot.agent jdk.httpserver jdk.internal.le jdk.internal.vm.ci jdk.internal.vm.compiler jdk.internal.vm.compiler.management jdk.jartool jdk.javadoc jdk.jcmd jdk.management jdk.management.agent jdk.jconsole jdk.jdeps jdk.jdwp.agent jdk.jdi jdk.jfr jdk.jshell jdk.jsobject jdk.jstatd jdk.localedata jdk.management.jfr jdk.naming.dns jdk.naming.rmi jdk.net jdk.nio.mapmode jdk.random jdk.sctp jdk.security.auth jdk.security.jgss jdk.unsupported jdk.unsupported.desktop jdk.xml.dom" 

Environment Variables:
JAVA_HOME=C:\Program Files\Java\jdk-17
PATH=C:\Python314\Scripts\;C:\Python314\;C:\Program Files\Python313\Scripts\;C:\Program Files\Python313\;C:\WINDOWS\system32;C:\WINDOWS;C:\WINDOWS\System32\Wbem;C:\WINDOWS\System32\WindowsPowerShell\v1.0\;C:\WINDOWS\System32\OpenSSH\;C:\Program Files (x86)\NVIDIA Corporation\PhysX\Common;C:\Program Files\dotnet\;C:\Program Files\Git\cmd;C:\ProgramData\chocolatey\bin;C:\Program Files\NVIDIA Corporation\NVIDIA App\NvDLISR;C:\Users\Animesh\Downloads\apache-maven-3.9.10-bin\apache-maven-3.9.10\bin;c:\Users\Animesh\AppData\Local\Programs\cursor\resources\app\bin;C:\Program Files\Java\jdk-17\bin;C:\Program Files\Common Files\Oracle\Java\javapath;C:\Program Files\nodejs\;C:\Program Files\Git LFS;C:\Program Files\Docker\Docker\resources\bin;C:\Program Files\cursor\resources\app\bin;C:\Program Files\Gource\cmd;C:\Program Files\WireGuard\;C:\Users\Animesh\anaconda3;C:\Users\Animesh\anaconda3\Library\mingw-w64\bin;C:\Users\Animesh\anaconda3\Library\usr\bin;C:\Users\Animesh\anaconda3\Library\bin;C:\Users\Animesh\anaconda3\Scripts;C:\Program Files\JetBrains\IntelliJ IDEA Community Edition 2024.3.1.1\bin;;C:\Users\Animesh\AppData\Local\Programs\Microsoft VS Code\bin;C:\Users\Animesh\Downloads\flutter_windows_3.29.0-stable\flutter\bin;C:\Users\Animesh\AppData\Local\Pub\Cache\bin;C:\Users\Animesh\Downloads\Release-24.08.0-0\poppler-24.08.0\Library\bin;C:\Program Files\JetBrains\WebStorm 2025.1.3\bin;;C:\Program Files\JetBrains\IntelliJ IDEA 2025.1.3\bin;;C:\Program Files\MySQL\MySQL Server 8.0\bin;C:\Users\Animesh\Downloads\apache-maven-3.9.10-bin\apache-maven-3.9.10\bin;C:\Program Files\Java\jdk-17\bin;C:\Users\Animesh\AppData\Local\GitHubDesktop\bin;C:\Users\Animesh\AppData\Roaming\npm;C:\apache-maven-3.9.12-bin\apache-maven-3.9.12\bin;C:\Users\Animesh\AppData\Local\Python\bin;C:\Users\Animesh\AppData\Local\Programs\Antigravity\bin
USERNAME=Animesh
OS=Windows_NT
PROCESSOR_IDENTIFIER=AMD64 Family 25 Model 117 Stepping 2, AuthenticAMD
TMP=C:\Users\Animesh\AppData\Local\Temp
TEMP=C:\Users\Animesh\AppData\Local\Temp




Periodic native trim disabled

---------------  S Y S T E M  ---------------

OS:
 Windows 11 , 64 bit Build 26100 (10.0.26100.7920)
OS uptime: 1 days 3:24 hours
Hyper-V role detected

CPU: total 16 (initial active 16) (16 cores per cpu, 2 threads per core) family 25 model 117 stepping 2 microcode 0xa705206, cx8, cmov, fxsr, ht, mmx, 3dnowpref, sse, sse2, sse3, ssse3, sse4a, sse4.1, sse4.2, popcnt, lzcnt, tsc, tscinvbit, avx, avx2, aes, erms, clmul, bmi1, bmi2, adx, avx512f, avx512dq, avx512cd, avx512bw, avx512vl, sha, fma, vzeroupper, avx512_vpopcntdq, avx512_vpclmulqdq, avx512_vaes, avx512_vnni, clflush, clflushopt, avx512_vbmi2, avx512_vbmi, hv, rdtscp, rdpid, fsrm, gfni, avx512_bitalg, f16c, cet_ss, avx512_ifma
Processor Information for the first 16 processors :
  Max Mhz: 3801, Current Mhz: 3801, Mhz Limit: 3801

Memory: 4k page, system-wide physical 15662M (1929M free)
TotalPageFile size 62766M (AvailPageFile size 4M)
current process WorkingSet (physical memory assigned to process): 143M, peak: 143M
current process commit charge ("private bytes"): 292M, peak: 294M

vm_info: OpenJDK 64-Bit Server VM (21.0.10+7-LTS) for windows-amd64 JRE (21.0.10+7-LTS), built on 2026-01-20T00:00:00Z by "admin" with MS VC++ 17.12 (VS2022)

END.
